#
# There is insufficient memory for the Java Runtime Environment to continue.
# Native memory allocation (malloc) failed to allocate 2783536 bytes for Chunk::new
# Possible reasons:
#   The system is out of physical RAM or swap space
#   The process is running with CompressedOops enabled, and the Java Heap may be blocking the growth of the native heap
# Possible solutions:
#   Reduce memory load on the system
#   Increase physical memory or swap space
#   Check if swap backing store is full
#   Decrease Java heap size (-Xmx/-Xms)
#   Decrease number of Java threads
#   Decrease Java thread stack sizes (-Xss)
#   Set larger code cache with -XX:ReservedCodeCacheSize=
#   JVM is running with Unscaled Compressed Oops mode in which the Java heap is
#     placed in the first 4GB address space. The Java Heap base address is the
#     maximum limit for the native heap growth. Please use -XX:HeapBaseMinAddress
#     to set the Java Heap base and to place the Java Heap above 4GB virtual address.
# This output file may be truncated or incomplete.
#
#  Out of Memory Error (./src/hotspot/share/memory/arena.cpp:197), pid=76720, tid=84748
#
# JRE version: OpenJDK Runtime Environment Microsoft-40648 (11.0.16.1+1) (build 11.0.16.1+1-LTS)
# Java VM: OpenJDK 64-Bit Server VM Microsoft-40648 (11.0.16.1+1-LTS, mixed mode, tiered, compressed oops, g1 gc, windows-amd64)
# No core dump will be written. Minidumps are not enabled by default on client versions of Windows
#

---------------  S U M M A R Y ------------

Command Line: --module-path=C:\Users\HP\.m2\repository\org\openjfx\javafx-base\19.0.2.1\javafx-base-19.0.2.1-win.jar;C:\Users\HP\.m2\repository\org\openjfx\javafx-base\19.0.2.1\javafx-base-19.0.2.1.jar;C:\Users\HP\.m2\repository\org\openjfx\javafx-controls\19.0.2.1\javafx-controls-19.0.2.1-win.jar;C:\Users\HP\.m2\repository\org\openjfx\javafx-controls\19.0.2.1\javafx-controls-19.0.2.1.jar;C:\Users\HP\.m2\repository\org\openjfx\javafx-fxml\19.0.2.1\javafx-fxml-19.0.2.1-win.jar;C:\Users\HP\.m2\repository\org\openjfx\javafx-fxml\19.0.2.1\javafx-fxml-19.0.2.1.jar;C:\Users\HP\.m2\repository\org\openjfx\javafx-graphics\19.0.2.1\javafx-graphics-19.0.2.1-win.jar;C:\Users\HP\.m2\repository\org\openjfx\javafx-graphics\19.0.2.1\javafx-graphics-19.0.2.1.jar --add-modules=javafx.base,javafx.controls,javafx.fxml,javafx.graphics AppInitializer

Host: 11th Gen Intel(R) Core(TM) i5-1135G7 @ 2.40GHz, 8 cores, 7G,  Windows 11 , 64 bit Build 22621 (10.0.22621.2506)
Time: Sat Dec 16 23:22:18 2023 Sri Lanka Standard Time elapsed time: 1.750297 seconds (0d 0h 0m 1s)

---------------  T H R E A D  ---------------

Current thread (0x0000029313918800):  JavaThread "C2 CompilerThread0" daemon [_thread_in_native, id=84748, stack(0x000000e5eba00000,0x000000e5ebb00000)]


Current CompileTask:
C2:   1750 1362   !   4       com.sun.javafx.css.ParsedValueImpl::readBinary (688 bytes)

Stack: [0x000000e5eba00000,0x000000e5ebb00000]
Native frames: (J=compiled Java code, j=interpreted, Vv=VM code, C=native code)
V  [jvm.dll+0x62652a]
V  [jvm.dll+0x7b3249]
V  [jvm.dll+0x7b4938]
V  [jvm.dll+0x7b5013]
V  [jvm.dll+0x24fca8]
V  [jvm.dll+0xc262c]
V  [jvm.dll+0xc2bec]
V  [jvm.dll+0x359e32]
V  [jvm.dll+0x326003]
V  [jvm.dll+0x32533a]
V  [jvm.dll+0x208fd5]
V  [jvm.dll+0x2080fd]
V  [jvm.dll+0x18a411]
V  [jvm.dll+0x217954]
V  [jvm.dll+0x215b9b]
V  [jvm.dll+0x775d50]
V  [jvm.dll+0x76ec84]
V  [jvm.dll+0x625395]
C  [ucrtbase.dll+0x29363]
C  [KERNEL32.DLL+0x1257d]
C  [ntdll.dll+0x5aa58]


---------------  P R O C E S S  ---------------

Threads class SMR info:
_java_thread_list=0x00000293149ea560, length=16, elements={
0x0000029374240800, 0x00000293130d8000, 0x0000029313903000, 0x000002931396c800,
0x0000029313970000, 0x0000029313972000, 0x0000029313918800, 0x000002931391f800,
0x0000029313921000, 0x0000029313ae8800, 0x0000029313e39000, 0x00000293146e0000,
0x00000293146e1800, 0x00000293149a0000, 0x00000293149a1000, 0x0000029314cb8800
}

Java Threads: ( => current thread )
  0x0000029374240800 JavaThread "main" [_thread_blocked, id=75848, stack(0x000000e5eae00000,0x000000e5eaf00000)]
  0x00000293130d8000 JavaThread "Reference Handler" daemon [_thread_blocked, id=78712, stack(0x000000e5eb500000,0x000000e5eb600000)]
  0x0000029313903000 JavaThread "Finalizer" daemon [_thread_blocked, id=79832, stack(0x000000e5eb600000,0x000000e5eb700000)]
  0x000002931396c800 JavaThread "Signal Dispatcher" daemon [_thread_blocked, id=74372, stack(0x000000e5eb700000,0x000000e5eb800000)]
  0x0000029313970000 JavaThread "Attach Listener" daemon [_thread_blocked, id=82236, stack(0x000000e5eb800000,0x000000e5eb900000)]
  0x0000029313972000 JavaThread "Service Thread" daemon [_thread_blocked, id=80308, stack(0x000000e5eb900000,0x000000e5eba00000)]
=>0x0000029313918800 JavaThread "C2 CompilerThread0" daemon [_thread_in_native, id=84748, stack(0x000000e5eba00000,0x000000e5ebb00000)]
  0x000002931391f800 JavaThread "C1 CompilerThread0" daemon [_thread_blocked, id=84884, stack(0x000000e5ebb00000,0x000000e5ebc00000)]
  0x0000029313921000 JavaThread "Sweeper thread" daemon [_thread_blocked, id=82988, stack(0x000000e5ebc00000,0x000000e5ebd00000)]
  0x0000029313ae8800 JavaThread "Common-Cleaner" daemon [_thread_blocked, id=67748, stack(0x000000e5ebd00000,0x000000e5ebe00000)]
  0x0000029313e39000 JavaThread "QuantumRenderer-0" daemon [_thread_blocked, id=64020, stack(0x000000e5ebe00000,0x000000e5ebf00000)]
  0x00000293146e0000 JavaThread "InvokeLaterDispatcher" daemon [_thread_blocked, id=21640, stack(0x000000e5ebf00000,0x000000e5ec000000)]
  0x00000293146e1800 JavaThread "JavaFX Application Thread" [_thread_in_native, id=62668, stack(0x000000e5ec100000,0x000000e5ec200000)]
  0x00000293149a0000 JavaThread "JavaFX-Launcher" [_thread_blocked, id=83244, stack(0x000000e5ec600000,0x000000e5ec700000)]
  0x00000293149a1000 JavaThread "Thread-2" daemon [_thread_in_native, id=82892, stack(0x000000e5ec500000,0x000000e5ec600000)]
  0x0000029314cb8800 JavaThread "C2 CompilerThread1" daemon [_thread_blocked, id=64248, stack(0x000000e5ecc00000,0x000000e5ecd00000)]

Other Threads:
  0x00000293130d3000 VMThread "VM Thread" [stack: 0x000000e5eb400000,0x000000e5eb500000] [id=71384]
  0x000002931404f000 WatcherThread [stack: 0x000000e5ec000000,0x000000e5ec100000] [id=83560]
  0x0000029374253800 GCTaskThread "GC Thread#0" [stack: 0x000000e5eaf00000,0x000000e5eb000000] [id=83736]
  0x00000293149f6000 GCTaskThread "GC Thread#1" [stack: 0x000000e5ec700000,0x000000e5ec800000] [id=64240]
  0x0000029314a47800 GCTaskThread "GC Thread#2" [stack: 0x000000e5ec800000,0x000000e5ec900000] [id=8840]
  0x00000293149de000 GCTaskThread "GC Thread#3" [stack: 0x000000e5ec900000,0x000000e5eca00000] [id=74672]
  0x00000293149a5800 GCTaskThread "GC Thread#4" [stack: 0x000000e5eca00000,0x000000e5ecb00000] [id=78032]
  0x00000293149a6800 GCTaskThread "GC Thread#5" [stack: 0x000000e5ecb00000,0x000000e5ecc00000] [id=83144]
  0x0000029374286000 ConcurrentGCThread "G1 Main Marker" [stack: 0x000000e5eb000000,0x000000e5eb100000] [id=79924]
  0x0000029374287000 ConcurrentGCThread "G1 Conc#0" [stack: 0x000000e5eb100000,0x000000e5eb200000] [id=82108]
  0x0000029312f35800 ConcurrentGCThread "G1 Refine#0" [stack: 0x000000e5eb200000,0x000000e5eb300000] [id=82596]
  0x0000029312f36000 ConcurrentGCThread "G1 Young RemSet Sampling" [stack: 0x000000e5eb300000,0x000000e5eb400000] [id=69860]

Threads with active compile tasks:
C2 CompilerThread0     1784 1362   !   4       com.sun.javafx.css.ParsedValueImpl::readBinary (688 bytes)

VM state:not at safepoint (normal execution)

VM Mutex/Monitor currently owned by a thread: None

Heap address: 0x0000000084000000, size: 1984 MB, Compressed Oops mode: 32-bit
Narrow klass base: 0x0000000000000000, Narrow klass shift: 3
Compressed class space size: 1073741824 Address: 0x0000000100000000

Heap:
 garbage-first heap   total 126976K, used 29605K [0x0000000084000000, 0x0000000100000000)
  region size 1024K, 28 young (28672K), 3 survivors (3072K)
 Metaspace       used 17961K, capacity 18559K, committed 18816K, reserved 1064960K
  class space    used 2155K, capacity 2399K, committed 2432K, reserved 1048576K
Heap Regions: E=young(eden), S=young(survivor), O=old, HS=humongous(starts), HC=humongous(continues), CS=collection set, F=free, A=archive, TAMS=top-at-mark-start (previous, next)
|   0|0x0000000084000000, 0x0000000084100000, 0x0000000084100000|100%|HS|  |TAMS 0x0000000084000000, 0x0000000084000000| Complete 
|   1|0x0000000084100000, 0x0000000084200000, 0x0000000084200000|100%|HC|  |TAMS 0x0000000084100000, 0x0000000084100000| Complete 
|   2|0x0000000084200000, 0x0000000084300000, 0x0000000084300000|100%|HC|  |TAMS 0x0000000084200000, 0x0000000084200000| Complete 
|   3|0x0000000084300000, 0x0000000084300000, 0x0000000084400000|  0%| F|  |TAMS 0x0000000084300000, 0x0000000084300000| Untracked 
|   4|0x0000000084400000, 0x0000000084400000, 0x0000000084500000|  0%| F|  |TAMS 0x0000000084400000, 0x0000000084400000| Untracked 
|   5|0x0000000084500000, 0x0000000084500000, 0x0000000084600000|  0%| F|  |TAMS 0x0000000084500000, 0x0000000084500000| Untracked 
|   6|0x0000000084600000, 0x0000000084600000, 0x0000000084700000|  0%| F|  |TAMS 0x0000000084600000, 0x0000000084600000| Untracked 
|   7|0x0000000084700000, 0x0000000084700000, 0x0000000084800000|  0%| F|  |TAMS 0x0000000084700000, 0x0000000084700000| Untracked 
|   8|0x0000000084800000, 0x0000000084800000, 0x0000000084900000|  0%| F|  |TAMS 0x0000000084800000, 0x0000000084800000| Untracked 
|   9|0x0000000084900000, 0x0000000084900000, 0x0000000084a00000|  0%| F|  |TAMS 0x0000000084900000, 0x0000000084900000| Untracked 
|  10|0x0000000084a00000, 0x0000000084a00000, 0x0000000084b00000|  0%| F|  |TAMS 0x0000000084a00000, 0x0000000084a00000| Untracked 
|  11|0x0000000084b00000, 0x0000000084b00000, 0x0000000084c00000|  0%| F|  |TAMS 0x0000000084b00000, 0x0000000084b00000| Untracked 
|  12|0x0000000084c00000, 0x0000000084c00000, 0x0000000084d00000|  0%| F|  |TAMS 0x0000000084c00000, 0x0000000084c00000| Untracked 
|  13|0x0000000084d00000, 0x0000000084d00000, 0x0000000084e00000|  0%| F|  |TAMS 0x0000000084d00000, 0x0000000084d00000| Untracked 
|  14|0x0000000084e00000, 0x0000000084e00000, 0x0000000084f00000|  0%| F|  |TAMS 0x0000000084e00000, 0x0000000084e00000| Untracked 
|  15|0x0000000084f00000, 0x0000000084f00000, 0x0000000085000000|  0%| F|  |TAMS 0x0000000084f00000, 0x0000000084f00000| Untracked 
|  16|0x0000000085000000, 0x0000000085000000, 0x0000000085100000|  0%| F|  |TAMS 0x0000000085000000, 0x0000000085000000| Untracked 
|  17|0x0000000085100000, 0x0000000085100000, 0x0000000085200000|  0%| F|  |TAMS 0x0000000085100000, 0x0000000085100000| Untracked 
|  18|0x0000000085200000, 0x0000000085200000, 0x0000000085300000|  0%| F|  |TAMS 0x0000000085200000, 0x0000000085200000| Untracked 
|  19|0x0000000085300000, 0x0000000085300000, 0x0000000085400000|  0%| F|  |TAMS 0x0000000085300000, 0x0000000085300000| Untracked 
|  20|0x0000000085400000, 0x0000000085400000, 0x0000000085500000|  0%| F|  |TAMS 0x0000000085400000, 0x0000000085400000| Untracked 
|  21|0x0000000085500000, 0x0000000085500000, 0x0000000085600000|  0%| F|  |TAMS 0x0000000085500000, 0x0000000085500000| Untracked 
|  22|0x0000000085600000, 0x0000000085600000, 0x0000000085700000|  0%| F|  |TAMS 0x0000000085600000, 0x0000000085600000| Untracked 
|  23|0x0000000085700000, 0x0000000085700000, 0x0000000085800000|  0%| F|  |TAMS 0x0000000085700000, 0x0000000085700000| Untracked 
|  24|0x0000000085800000, 0x0000000085800000, 0x0000000085900000|  0%| F|  |TAMS 0x0000000085800000, 0x0000000085800000| Untracked 
|  25|0x0000000085900000, 0x0000000085900000, 0x0000000085a00000|  0%| F|  |TAMS 0x0000000085900000, 0x0000000085900000| Untracked 
|  26|0x0000000085a00000, 0x0000000085a00000, 0x0000000085b00000|  0%| F|  |TAMS 0x0000000085a00000, 0x0000000085a00000| Untracked 
|  27|0x0000000085b00000, 0x0000000085b00000, 0x0000000085c00000|  0%| F|  |TAMS 0x0000000085b00000, 0x0000000085b00000| Untracked 
|  28|0x0000000085c00000, 0x0000000085c00000, 0x0000000085d00000|  0%| F|  |TAMS 0x0000000085c00000, 0x0000000085c00000| Untracked 
|  29|0x0000000085d00000, 0x0000000085d00000, 0x0000000085e00000|  0%| F|  |TAMS 0x0000000085d00000, 0x0000000085d00000| Untracked 
|  30|0x0000000085e00000, 0x0000000085e00000, 0x0000000085f00000|  0%| F|  |TAMS 0x0000000085e00000, 0x0000000085e00000| Untracked 
|  31|0x0000000085f00000, 0x0000000085f00000, 0x0000000086000000|  0%| F|  |TAMS 0x0000000085f00000, 0x0000000085f00000| Untracked 
|  32|0x0000000086000000, 0x0000000086000000, 0x0000000086100000|  0%| F|  |TAMS 0x0000000086000000, 0x0000000086000000| Untracked 
|  33|0x0000000086100000, 0x0000000086100000, 0x0000000086200000|  0%| F|  |TAMS 0x0000000086100000, 0x0000000086100000| Untracked 
|  34|0x0000000086200000, 0x0000000086200000, 0x0000000086300000|  0%| F|  |TAMS 0x0000000086200000, 0x0000000086200000| Untracked 
|  35|0x0000000086300000, 0x0000000086300000, 0x0000000086400000|  0%| F|  |TAMS 0x0000000086300000, 0x0000000086300000| Untracked 
|  36|0x0000000086400000, 0x0000000086400000, 0x0000000086500000|  0%| F|  |TAMS 0x0000000086400000, 0x0000000086400000| Untracked 
|  37|0x0000000086500000, 0x0000000086500000, 0x0000000086600000|  0%| F|  |TAMS 0x0000000086500000, 0x0000000086500000| Untracked 
|  38|0x0000000086600000, 0x0000000086600000, 0x0000000086700000|  0%| F|  |TAMS 0x0000000086600000, 0x0000000086600000| Untracked 
|  39|0x0000000086700000, 0x0000000086700000, 0x0000000086800000|  0%| F|  |TAMS 0x0000000086700000, 0x0000000086700000| Untracked 
|  40|0x0000000086800000, 0x0000000086800000, 0x0000000086900000|  0%| F|  |TAMS 0x0000000086800000, 0x0000000086800000| Untracked 
|  41|0x0000000086900000, 0x0000000086900000, 0x0000000086a00000|  0%| F|  |TAMS 0x0000000086900000, 0x0000000086900000| Untracked 
|  42|0x0000000086a00000, 0x0000000086a00000, 0x0000000086b00000|  0%| F|  |TAMS 0x0000000086a00000, 0x0000000086a00000| Untracked 
|  43|0x0000000086b00000, 0x0000000086b00000, 0x0000000086c00000|  0%| F|  |TAMS 0x0000000086b00000, 0x0000000086b00000| Untracked 
|  44|0x0000000086c00000, 0x0000000086c00000, 0x0000000086d00000|  0%| F|  |TAMS 0x0000000086c00000, 0x0000000086c00000| Untracked 
|  45|0x0000000086d00000, 0x0000000086d00000, 0x0000000086e00000|  0%| F|  |TAMS 0x0000000086d00000, 0x0000000086d00000| Untracked 
|  46|0x0000000086e00000, 0x0000000086e00000, 0x0000000086f00000|  0%| F|  |TAMS 0x0000000086e00000, 0x0000000086e00000| Untracked 
|  47|0x0000000086f00000, 0x0000000086f00000, 0x0000000087000000|  0%| F|  |TAMS 0x0000000086f00000, 0x0000000086f00000| Untracked 
|  48|0x0000000087000000, 0x0000000087000000, 0x0000000087100000|  0%| F|  |TAMS 0x0000000087000000, 0x0000000087000000| Untracked 
|  49|0x0000000087100000, 0x0000000087100000, 0x0000000087200000|  0%| F|  |TAMS 0x0000000087100000, 0x0000000087100000| Untracked 
|  50|0x0000000087200000, 0x0000000087200000, 0x0000000087300000|  0%| F|  |TAMS 0x0000000087200000, 0x0000000087200000| Untracked 
|  51|0x0000000087300000, 0x0000000087300000, 0x0000000087400000|  0%| F|  |TAMS 0x0000000087300000, 0x0000000087300000| Untracked 
|  52|0x0000000087400000, 0x0000000087400000, 0x0000000087500000|  0%| F|  |TAMS 0x0000000087400000, 0x0000000087400000| Untracked 
|  53|0x0000000087500000, 0x0000000087500000, 0x0000000087600000|  0%| F|  |TAMS 0x0000000087500000, 0x0000000087500000| Untracked 
|  54|0x0000000087600000, 0x0000000087600000, 0x0000000087700000|  0%| F|  |TAMS 0x0000000087600000, 0x0000000087600000| Untracked 
|  55|0x0000000087700000, 0x0000000087700000, 0x0000000087800000|  0%| F|  |TAMS 0x0000000087700000, 0x0000000087700000| Untracked 
|  56|0x0000000087800000, 0x0000000087800000, 0x0000000087900000|  0%| F|  |TAMS 0x0000000087800000, 0x0000000087800000| Untracked 
|  57|0x0000000087900000, 0x0000000087900000, 0x0000000087a00000|  0%| F|  |TAMS 0x0000000087900000, 0x0000000087900000| Untracked 
|  58|0x0000000087a00000, 0x0000000087a00000, 0x0000000087b00000|  0%| F|  |TAMS 0x0000000087a00000, 0x0000000087a00000| Untracked 
|  59|0x0000000087b00000, 0x0000000087b00000, 0x0000000087c00000|  0%| F|  |TAMS 0x0000000087b00000, 0x0000000087b00000| Untracked 
|  60|0x0000000087c00000, 0x0000000087c00000, 0x0000000087d00000|  0%| F|  |TAMS 0x0000000087c00000, 0x0000000087c00000| Untracked 
|  61|0x0000000087d00000, 0x0000000087d00000, 0x0000000087e00000|  0%| F|  |TAMS 0x0000000087d00000, 0x0000000087d00000| Untracked 
|  62|0x0000000087e00000, 0x0000000087e00000, 0x0000000087f00000|  0%| F|  |TAMS 0x0000000087e00000, 0x0000000087e00000| Untracked 
|  63|0x0000000087f00000, 0x0000000087f00000, 0x0000000088000000|  0%| F|  |TAMS 0x0000000087f00000, 0x0000000087f00000| Untracked 
|  64|0x0000000088000000, 0x0000000088000000, 0x0000000088100000|  0%| F|  |TAMS 0x0000000088000000, 0x0000000088000000| Untracked 
|  65|0x0000000088100000, 0x0000000088100000, 0x0000000088200000|  0%| F|  |TAMS 0x0000000088100000, 0x0000000088100000| Untracked 
|  66|0x0000000088200000, 0x0000000088200000, 0x0000000088300000|  0%| F|  |TAMS 0x0000000088200000, 0x0000000088200000| Untracked 
|  67|0x0000000088300000, 0x0000000088300000, 0x0000000088400000|  0%| F|  |TAMS 0x0000000088300000, 0x0000000088300000| Untracked 
|  68|0x0000000088400000, 0x0000000088400000, 0x0000000088500000|  0%| F|  |TAMS 0x0000000088400000, 0x0000000088400000| Untracked 
|  69|0x0000000088500000, 0x0000000088500000, 0x0000000088600000|  0%| F|  |TAMS 0x0000000088500000, 0x0000000088500000| Untracked 
|  70|0x0000000088600000, 0x0000000088600000, 0x0000000088700000|  0%| F|  |TAMS 0x0000000088600000, 0x0000000088600000| Untracked 
|  71|0x0000000088700000, 0x0000000088700000, 0x0000000088800000|  0%| F|  |TAMS 0x0000000088700000, 0x0000000088700000| Untracked 
|  72|0x0000000088800000, 0x0000000088800000, 0x0000000088900000|  0%| F|  |TAMS 0x0000000088800000, 0x0000000088800000| Untracked 
|  73|0x0000000088900000, 0x0000000088900000, 0x0000000088a00000|  0%| F|  |TAMS 0x0000000088900000, 0x0000000088900000| Untracked 
|  74|0x0000000088a00000, 0x0000000088a00000, 0x0000000088b00000|  0%| F|  |TAMS 0x0000000088a00000, 0x0000000088a00000| Untracked 
|  75|0x0000000088b00000, 0x0000000088b00000, 0x0000000088c00000|  0%| F|  |TAMS 0x0000000088b00000, 0x0000000088b00000| Untracked 
|  76|0x0000000088c00000, 0x0000000088c00000, 0x0000000088d00000|  0%| F|  |TAMS 0x0000000088c00000, 0x0000000088c00000| Untracked 
|  77|0x0000000088d00000, 0x0000000088d00000, 0x0000000088e00000|  0%| F|  |TAMS 0x0000000088d00000, 0x0000000088d00000| Untracked 
|  78|0x0000000088e00000, 0x0000000088e00000, 0x0000000088f00000|  0%| F|  |TAMS 0x0000000088e00000, 0x0000000088e00000| Untracked 
|  79|0x0000000088f00000, 0x0000000088f00000, 0x0000000089000000|  0%| F|  |TAMS 0x0000000088f00000, 0x0000000088f00000| Untracked 
|  80|0x0000000089000000, 0x0000000089000000, 0x0000000089100000|  0%| F|  |TAMS 0x0000000089000000, 0x0000000089000000| Untracked 
|  81|0x0000000089100000, 0x0000000089100000, 0x0000000089200000|  0%| F|  |TAMS 0x0000000089100000, 0x0000000089100000| Untracked 
|  82|0x0000000089200000, 0x0000000089200000, 0x0000000089300000|  0%| F|  |TAMS 0x0000000089200000, 0x0000000089200000| Untracked 
|  83|0x0000000089300000, 0x0000000089300000, 0x0000000089400000|  0%| F|  |TAMS 0x0000000089300000, 0x0000000089300000| Untracked 
|  84|0x0000000089400000, 0x0000000089400000, 0x0000000089500000|  0%| F|  |TAMS 0x0000000089400000, 0x0000000089400000| Untracked 
|  85|0x0000000089500000, 0x0000000089500000, 0x0000000089600000|  0%| F|  |TAMS 0x0000000089500000, 0x0000000089500000| Untracked 
|  86|0x0000000089600000, 0x0000000089600000, 0x0000000089700000|  0%| F|  |TAMS 0x0000000089600000, 0x0000000089600000| Untracked 
|  87|0x0000000089700000, 0x0000000089700000, 0x0000000089800000|  0%| F|  |TAMS 0x0000000089700000, 0x0000000089700000| Untracked 
|  88|0x0000000089800000, 0x0000000089800000, 0x0000000089900000|  0%| F|  |TAMS 0x0000000089800000, 0x0000000089800000| Untracked 
|  89|0x0000000089900000, 0x0000000089900000, 0x0000000089a00000|  0%| F|  |TAMS 0x0000000089900000, 0x0000000089900000| Untracked 
|  90|0x0000000089a00000, 0x0000000089a00000, 0x0000000089b00000|  0%| F|  |TAMS 0x0000000089a00000, 0x0000000089a00000| Untracked 
|  91|0x0000000089b00000, 0x0000000089b00000, 0x0000000089c00000|  0%| F|  |TAMS 0x0000000089b00000, 0x0000000089b00000| Untracked 
|  92|0x0000000089c00000, 0x0000000089c00000, 0x0000000089d00000|  0%| F|  |TAMS 0x0000000089c00000, 0x0000000089c00000| Untracked 
|  93|0x0000000089d00000, 0x0000000089d00000, 0x0000000089e00000|  0%| F|  |TAMS 0x0000000089d00000, 0x0000000089d00000| Untracked 
|  94|0x0000000089e00000, 0x0000000089e00000, 0x0000000089f00000|  0%| F|  |TAMS 0x0000000089e00000, 0x0000000089e00000| Untracked 
|  95|0x0000000089f00000, 0x0000000089f00000, 0x000000008a000000|  0%| F|  |TAMS 0x0000000089f00000, 0x0000000089f00000| Untracked 
|  96|0x000000008a000000, 0x000000008a084010, 0x000000008a100000| 51%| E|  |TAMS 0x000000008a000000, 0x000000008a000000| Complete 
|  97|0x000000008a100000, 0x000000008a1e95a0, 0x000000008a200000| 91%| S|CS|TAMS 0x000000008a100000, 0x000000008a100000| Complete 
|  98|0x000000008a200000, 0x000000008a300000, 0x000000008a300000|100%| S|CS|TAMS 0x000000008a200000, 0x000000008a200000| Complete 
|  99|0x000000008a300000, 0x000000008a400000, 0x000000008a400000|100%| S|CS|TAMS 0x000000008a300000, 0x000000008a300000| Complete 
| 100|0x000000008a400000, 0x000000008a500000, 0x000000008a500000|100%| E|CS|TAMS 0x000000008a400000, 0x000000008a400000| Complete 
| 101|0x000000008a500000, 0x000000008a600000, 0x000000008a600000|100%| E|CS|TAMS 0x000000008a500000, 0x000000008a500000| Complete 
| 102|0x000000008a600000, 0x000000008a700000, 0x000000008a700000|100%| E|CS|TAMS 0x000000008a600000, 0x000000008a600000| Complete 
| 103|0x000000008a700000, 0x000000008a800000, 0x000000008a800000|100%| E|CS|TAMS 0x000000008a700000, 0x000000008a700000| Complete 
| 104|0x000000008a800000, 0x000000008a900000, 0x000000008a900000|100%| E|CS|TAMS 0x000000008a800000, 0x000000008a800000| Complete 
| 105|0x000000008a900000, 0x000000008aa00000, 0x000000008aa00000|100%| E|CS|TAMS 0x000000008a900000, 0x000000008a900000| Complete 
| 106|0x000000008aa00000, 0x000000008ab00000, 0x000000008ab00000|100%| E|CS|TAMS 0x000000008aa00000, 0x000000008aa00000| Complete 
| 107|0x000000008ab00000, 0x000000008ac00000, 0x000000008ac00000|100%| E|CS|TAMS 0x000000008ab00000, 0x000000008ab00000| Complete 
| 108|0x000000008ac00000, 0x000000008ad00000, 0x000000008ad00000|100%| E|CS|TAMS 0x000000008ac00000, 0x000000008ac00000| Complete 
| 109|0x000000008ad00000, 0x000000008ae00000, 0x000000008ae00000|100%| E|CS|TAMS 0x000000008ad00000, 0x000000008ad00000| Complete 
| 110|0x000000008ae00000, 0x000000008af00000, 0x000000008af00000|100%| E|CS|TAMS 0x000000008ae00000, 0x000000008ae00000| Complete 
| 111|0x000000008af00000, 0x000000008b000000, 0x000000008b000000|100%| E|CS|TAMS 0x000000008af00000, 0x000000008af00000| Complete 
| 112|0x000000008b000000, 0x000000008b100000, 0x000000008b100000|100%| E|CS|TAMS 0x000000008b000000, 0x000000008b000000| Complete 
| 113|0x000000008b100000, 0x000000008b200000, 0x000000008b200000|100%| E|CS|TAMS 0x000000008b100000, 0x000000008b100000| Complete 
| 114|0x000000008b200000, 0x000000008b300000, 0x000000008b300000|100%| E|CS|TAMS 0x000000008b200000, 0x000000008b200000| Complete 
| 115|0x000000008b300000, 0x000000008b400000, 0x000000008b400000|100%| E|CS|TAMS 0x000000008b300000, 0x000000008b300000| Complete 
| 116|0x000000008b400000, 0x000000008b500000, 0x000000008b500000|100%| E|CS|TAMS 0x000000008b400000, 0x000000008b400000| Complete 
| 117|0x000000008b500000, 0x000000008b600000, 0x000000008b600000|100%| E|CS|TAMS 0x000000008b500000, 0x000000008b500000| Complete 
| 118|0x000000008b600000, 0x000000008b700000, 0x000000008b700000|100%| E|CS|TAMS 0x000000008b600000, 0x000000008b600000| Complete 
| 119|0x000000008b700000, 0x000000008b800000, 0x000000008b800000|100%| E|CS|TAMS 0x000000008b700000, 0x000000008b700000| Complete 
| 120|0x000000008b800000, 0x000000008b900000, 0x000000008b900000|100%| E|CS|TAMS 0x000000008b800000, 0x000000008b800000| Complete 
| 121|0x000000008b900000, 0x000000008b9ffe20, 0x000000008ba00000| 99%| E|  |TAMS 0x000000008b900000, 0x000000008b900000| Complete 
| 122|0x000000008ba00000, 0x000000008bb00000, 0x000000008bb00000|100%| E|CS|TAMS 0x000000008ba00000, 0x000000008ba00000| Complete 
| 123|0x000000008bb00000, 0x000000008bc00000, 0x000000008bc00000|100%| E|CS|TAMS 0x000000008bb00000, 0x000000008bb00000| Complete 

Card table byte_map: [0x000002937d0c0000,0x000002937d4a0000] _byte_map_base: 0x000002937cca0000

Marking Bits (Prev, Next): (CMBitMap*) 0x000002937427c2c8, (CMBitMap*) 0x000002937427c300
 Prev Bits: [0x000002937d880000, 0x000002937f780000)
 Next Bits: [0x000002930f000000, 0x0000029310f00000)

Polling page: 0x00000293721b0000

Metaspace:

Usage:
  Non-class:     15.78 MB capacity,    15.47 MB ( 98%) used,   257.39 KB (  2%) free+waste,    59.38 KB ( <1%) overhead. 
      Class:      2.34 MB capacity,     2.11 MB ( 90%) used,   210.25 KB (  9%) free+waste,    30.44 KB (  1%) overhead. 
       Both:     18.12 MB capacity,    17.58 MB ( 97%) used,   467.64 KB (  3%) free+waste,    89.81 KB ( <1%) overhead. 

Virtual space:
  Non-class space:       16.00 MB reserved,      16.00 MB (100%) committed 
      Class space:        1.00 GB reserved,       2.38 MB ( <1%) committed 
             Both:        1.02 GB reserved,      18.38 MB (  2%) committed 

Chunk freelists:
   Non-Class:  32.00 KB
       Class:  1.00 KB
        Both:  33.00 KB

MaxMetaspaceSize: 17179869184.00 GB
CompressedClassSpaceSize: 1.00 GB
Initial GC threshold: 20.80 MB
Current GC threshold: 20.80 MB
CDS: off

CodeHeap 'non-profiled nmethods': size=120000Kb used=562Kb max_used=562Kb free=119437Kb
 bounds [0x0000029307ad0000, 0x0000029307d40000, 0x000002930f000000]
CodeHeap 'profiled nmethods': size=120000Kb used=2620Kb max_used=2620Kb free=117379Kb
 bounds [0x00000293005a0000, 0x0000029300830000, 0x0000029307ad0000]
CodeHeap 'non-nmethods': size=5760Kb used=1316Kb max_used=1328Kb free=4444Kb
 bounds [0x0000029300000000, 0x0000029300270000, 0x00000293005a0000]
 total_blobs=2088 nmethods=1479 adapters=522
 compilation: enabled
              stopped_count=0, restarted_count=0
 full_count=0

Compilation events (20 events):
Event: 1.733 Thread 0x000002931391f800 nmethod 1466 0x000002930082c010 code [0x000002930082c1e0, 0x000002930082c388]
Event: 1.738 Thread 0x0000029314cb8800 nmethod 1408 0x0000029307b55f90 code [0x0000029307b56260, 0x0000029307b59b10]
Event: 1.738 Thread 0x0000029314cb8800 1471       4       java.util.Arrays::copyOf (40 bytes)
Event: 1.742 Thread 0x000002931391f800 1472       3       java.lang.invoke.Invokers::checkCustomized (23 bytes)
Event: 1.742 Thread 0x000002931391f800 nmethod 1472 0x000002930082c490 code [0x000002930082c660, 0x000002930082c828]
Event: 1.742 Thread 0x000002931391f800 1475       3       java.lang.reflect.Array::newInstance (6 bytes)
Event: 1.742 Thread 0x000002931391f800 nmethod 1475 0x000002930082c910 code [0x000002930082cac0, 0x000002930082cbc8]
Event: 1.742 Thread 0x000002931391f800 1473       3       java.util.Arrays$ArrayList::iterator (12 bytes)
Event: 1.743 Thread 0x000002931391f800 nmethod 1473 0x000002930082cc90 code [0x000002930082ce60, 0x000002930082d0d8]
Event: 1.743 Thread 0x000002931391f800 1476       3       java.lang.invoke.MethodType::dropParameterTypes (162 bytes)
Event: 1.744 Thread 0x0000029314cb8800 nmethod 1471 0x0000029307b5b290 code [0x0000029307b5b440, 0x0000029307b5b878]
Event: 1.744 Thread 0x0000029314cb8800 1456       4       java.lang.invoke.LambdaForm$Name::isParam (13 bytes)
Event: 1.744 Thread 0x0000029314cb8800 nmethod 1456 0x0000029307b5bb10 code [0x0000029307b5bca0, 0x0000029307b5bd18]
Event: 1.744 Thread 0x0000029314cb8800 1409       4       java.lang.String::toString (2 bytes)
Event: 1.744 Thread 0x000002931391f800 nmethod 1476 0x000002930082d210 code [0x000002930082d540, 0x000002930082e6a8]
Event: 1.744 Thread 0x000002931391f800 1474       3       java.util.Arrays$ArrayItr::<init> (10 bytes)
Event: 1.744 Thread 0x0000029314cb8800 nmethod 1409 0x0000029307b5be10 code [0x0000029307b5bfa0, 0x0000029307b5bff8]
Event: 1.744 Thread 0x000002931391f800 nmethod 1474 0x000002930082ec10 code [0x000002930082edc0, 0x000002930082ef78]
Event: 1.745 Thread 0x000002931391f800 1477       3       java.lang.invoke.MethodHandleNatives::findMethodHandleType (7 bytes)
Event: 1.745 Thread 0x000002931391f800 nmethod 1477 0x000002930082f010 code [0x000002930082f1c0, 0x000002930082f2c8]

GC Heap History (2 events):
Event: 1.254 GC heap before
{Heap before GC invocations=0 (full 0):
 garbage-first heap   total 126976K, used 23552K [0x0000000084000000, 0x0000000100000000)
  region size 1024K, 24 young (24576K), 0 survivors (0K)
 Metaspace       used 11350K, capacity 11708K, committed 11904K, reserved 1060864K
  class space    used 1224K, capacity 1362K, committed 1408K, reserved 1048576K
}
Event: 1.258 GC heap after
{Heap after GC invocations=1 (full 0):
 garbage-first heap   total 126976K, used 2981K [0x0000000084000000, 0x0000000100000000)
  region size 1024K, 3 young (3072K), 3 survivors (3072K)
 Metaspace       used 11350K, capacity 11708K, committed 11904K, reserved 1060864K
  class space    used 1224K, capacity 1362K, committed 1408K, reserved 1048576K
}

Deoptimization events (20 events):
Event: 1.604 Thread 0x00000293146e1800 Uncommon trap: trap_request=0xffffff4d fr.pc=0x0000029307b3dac8 relative=0x0000000000000308
Event: 1.604 Thread 0x00000293146e1800 Uncommon trap: reason=unstable_if action=reinterpret pc=0x0000029307b3dac8 method=java.util.HashMap.getNode(ILjava/lang/Object;)Ljava/util/HashMap$Node; @ 84 c2
Event: 1.604 Thread 0x00000293146e1800 DEOPT PACKING pc=0x0000029307b3dac8 sp=0x000000e5ec1f9830
Event: 1.604 Thread 0x00000293146e1800 DEOPT UNPACKING pc=0x00000293000085af sp=0x000000e5ec1f97c8 mode 2
Event: 1.701 Thread 0x00000293146e1800 Uncommon trap: trap_request=0xffffff4d fr.pc=0x0000029307b4b554 relative=0x00000000000003f4
Event: 1.701 Thread 0x00000293146e1800 Uncommon trap: reason=unstable_if action=reinterpret pc=0x0000029307b4b554 method=java.util.HashMap.hash(Ljava/lang/Object;)I @ 1 c2
Event: 1.701 Thread 0x00000293146e1800 DEOPT PACKING pc=0x0000029307b4b554 sp=0x000000e5ec1fc1e0
Event: 1.701 Thread 0x00000293146e1800 DEOPT UNPACKING pc=0x00000293000085af sp=0x000000e5ec1fc128 mode 2
Event: 1.701 Thread 0x00000293146e1800 Uncommon trap: trap_request=0xffffff4d fr.pc=0x0000029307af1f14 relative=0x00000000000000d4
Event: 1.701 Thread 0x00000293146e1800 Uncommon trap: reason=unstable_if action=reinterpret pc=0x0000029307af1f14 method=java.util.HashMap.hash(Ljava/lang/Object;)I @ 1 c2
Event: 1.701 Thread 0x00000293146e1800 DEOPT PACKING pc=0x0000029307af1f14 sp=0x000000e5ec1fc1f0
Event: 1.701 Thread 0x00000293146e1800 DEOPT UNPACKING pc=0x00000293000085af sp=0x000000e5ec1fc130 mode 2
Event: 1.703 Thread 0x00000293146e1800 Uncommon trap: trap_request=0xffffff4d fr.pc=0x0000029307aee488 relative=0x00000000000001c8
Event: 1.703 Thread 0x00000293146e1800 Uncommon trap: reason=unstable_if action=reinterpret pc=0x0000029307aee488 method=java.util.HashMap.hash(Ljava/lang/Object;)I @ 1 c2
Event: 1.703 Thread 0x00000293146e1800 DEOPT PACKING pc=0x0000029307aee488 sp=0x000000e5ec1fc190
Event: 1.703 Thread 0x00000293146e1800 DEOPT UNPACKING pc=0x00000293000085af sp=0x000000e5ec1fc128 mode 2
Event: 1.730 Thread 0x00000293146e1800 Uncommon trap: trap_request=0xffffffcc fr.pc=0x0000029307b44d04 relative=0x00000000000002c4
Event: 1.730 Thread 0x00000293146e1800 Uncommon trap: reason=intrinsic_or_type_checked_inlining action=make_not_entrant pc=0x0000029307b44d04 method=java.util.Arrays.copyOf([Ljava/lang/Object;ILjava/lang/Class;)[Ljava/lang/Object; @ 35 c2
Event: 1.730 Thread 0x00000293146e1800 DEOPT PACKING pc=0x0000029307b44d04 sp=0x000000e5ec1fac50
Event: 1.730 Thread 0x00000293146e1800 DEOPT UNPACKING pc=0x00000293000085af sp=0x000000e5ec1fabf8 mode 2

Classes redefined (0 events):
No events

Internal exceptions (20 events):
Event: 1.100 Thread 0x0000029374240800 Exception <a 'java/lang/NoSuchMethodError'{0x000000008aa884f8}: 'java.lang.Object java.lang.invoke.DirectMethodHandle$Holder.invokeSpecial(java.lang.Object, java.lang.Object, java.lang.Object, int, java.lang.Object)'> (0x000000008aa884f8) thrown at [./src/hotspot/share/interpreter/linkResolver.cpp, line 773]
Event: 1.100 Thread 0x0000029374240800 Exception <a 'java/lang/NoSuchMethodError'{0x000000008aa8b990}: 'java.lang.Object java.lang.invoke.Invokers$Holder.linkToTargetMethod(java.lang.Object, int, java.lang.Object, java.lang.Object)'> (0x000000008aa8b990) thrown at [./src/hotspot/share/interpreter/linkResolver.cpp, line 773]
Event: 1.200 Thread 0x00000293146e1800 Exception <a 'java/lang/NoSuchMethodError'{0x000000008a710088}: 'void java.lang.invoke.DirectMethodHandle$Holder.invokeStaticInit(java.lang.Object)'> (0x000000008a710088) thrown at [./src/hotspot/share/interpreter/linkResolver.cpp, line 773]
Event: 1.203 Thread 0x0000029374240800 Exception <a 'java/lang/NoSuchMethodError'{0x000000008aa9b6c8}: 'java.lang.Object java.lang.invoke.Invokers$Holder.linkToTargetMethod(java.lang.Object, java.lang.Object, java.lang.Object, java.lang.Object, java.lang.Object, java.lang.Object)'> (0x000000008aa9b6c8) thrown at [./src/hotspot/share/interpreter/linkResolver.cpp, line 773]
Event: 1.209 Thread 0x00000293149a0000 Exception <a 'java/lang/NoSuchMethodError'{0x000000008a780cb8}: 'void java.lang.invoke.DirectMethodHandle$Holder.invokeStatic(java.lang.Object, java.lang.Object, java.lang.Object, java.lang.Object)'> (0x000000008a780cb8) thrown at [./src/hotspot/share/interpreter/linkResolver.cpp, line 773]
Event: 1.408 Thread 0x00000293146e1800 Exception <a 'java/lang/NoSuchMethodError'{0x000000008b3ace20}: 'java.lang.Object java.lang.invoke.DirectMethodHandle$Holder.invokeStaticInit(java.lang.Object, java.lang.Object, java.lang.Object, java.lang.Object)'> (0x000000008b3ace20) thrown at [./src/hotspot/share/interpreter/linkResolver.cpp, line 773]
Event: 1.409 Thread 0x00000293146e1800 Exception <a 'java/lang/NullPointerException'{0x000000008b3bbcb0}> (0x000000008b3bbcb0) thrown at [./src/hotspot/share/interpreter/linkResolver.cpp, line 1358]
Event: 1.409 Thread 0x00000293146e1800 Exception <a 'java/lang/NullPointerException'{0x000000008b3bbcb0}> (0x000000008b3bbcb0) thrown at [./src/hotspot/share/prims/jvm.cpp, line 1310]
Event: 1.528 Thread 0x00000293146e1800 Exception <a 'java/lang/ClassNotFoundException'{0x000000008af89c20}: com/sun/glass/ui/win/themes> (0x000000008af89c20) thrown at [./src/hotspot/share/prims/jni.cpp, line 638]
Event: 1.530 Thread 0x00000293146e1800 Exception <a 'java/lang/ClassNotFoundException'{0x000000008af95a38}: com/sun/glass/ui/win/themes_en> (0x000000008af95a38) thrown at [./src/hotspot/share/prims/jni.cpp, line 638]
Event: 1.530 Thread 0x00000293146e1800 Exception <a 'java/lang/ClassNotFoundException'{0x000000008af9dac0}: com/sun/glass/ui/win/themes_en_US> (0x000000008af9dac0) thrown at [./src/hotspot/share/prims/jni.cpp, line 638]
Event: 1.536 Thread 0x00000293146e1800 Exception <a 'java/lang/NoSuchMethodError'{0x000000008ae01b08}: 'java.lang.Object java.lang.invoke.DirectMethodHandle$Holder.invokeStatic(java.lang.Object, java.lang.Object, java.lang.Object, java.lang.Object, java.lang.Object, java.lang.Object, java.lang.Object, java.lang.Object, java.lang.Object, java.lang.Object, java.lang.Object, int)'> (0x000000008ae01b08) thrown at [./src/hotspot/share/interpreter/linkResolver.cpp, line 773]
Event: 1.537 Thread 0x00000293146e1800 Exception <a 'java/lang/NoSuchMethodError'{0x000000008ae1fcb0}: 'java.lang.Object java.lang.invoke.DirectMethodHandle$Holder.invokeStatic(java.lang.Object, java.lang.Object, java.lang.Object, java.lang.Object, java.lang.Object, java.lang.Object, java.lang.Object, java.lang.Object, java.lang.Object, java.lang.Object, java.lang.Object, int, int)'> (0x000000008ae1fcb0) thrown at [./src/hotspot/share/interpreter/linkResolver.cpp, line 773]
Event: 1.537 Thread 0x00000293146e1800 Exception <a 'java/lang/NoSuchMethodError'{0x000000008ae3ece8}: 'java.lang.Object java.lang.invoke.DirectMethodHandle$Holder.invokeStatic(java.lang.Object, java.lang.Object, java.lang.Object, java.lang.Object, java.lang.Object, java.lang.Object, java.lang.Object, java.lang.Object, java.lang.Object, java.lang.Object, java.lang.Object, int, int, java.lang.Object)'> (0x000000008ae3ece8) thrown at [./src/hotspot/share/interpreter/linkResolver.cpp, line 773]
Event: 1.539 Thread 0x00000293146e1800 Exception <a 'java/lang/NoSuchMethodError'{0x000000008ae5f3a8}: 'java.lang.Object java.lang.invoke.DirectMethodHandle$Holder.invokeStatic(java.lang.Object, java.lang.Object, java.lang.Object, java.lang.Object, java.lang.Object, java.lang.Object, java.lang.Object, java.lang.Object, java.lang.Object, java.lang.Object, java.lang.Object, int, int, java.lang.Object, java.lang.Object)'> (0x000000008ae5f3a8) thrown at [./src/hotspot/share/interpreter/linkResolver.cpp, line 773]
Event: 1.621 Thread 0x00000293146e1800 Exception <a 'java/lang/NoSuchMethodError'{0x000000008a941c38}: 'void java.lang.invoke.DirectMethodHandle$Holder.invokeStaticInit(java.lang.Object, java.lang.Object)'> (0x000000008a941c38) thrown at [./src/hotspot/share/interpreter/linkResolver.cpp, line 773]
Event: 1.624 Thread 0x00000293146e1800 Exception <a 'java/lang/NoSuchMethodError'{0x000000008a976450}: 'void java.lang.invoke.DirectMethodHandle$Holder.invokeSpecial(java.lang.Object, java.lang.Object, java.lang.Object, java.lang.Object, java.lang.Object)'> (0x000000008a976450) thrown at [./src/hotspot/share/interpreter/linkResolver.cpp, line 773]
Event: 1.701 Thread 0x00000293146e1800 Implicit null exception at 0x0000029307b4b195 to 0x0000029307b4b540
Event: 1.701 Thread 0x00000293146e1800 Implicit null exception at 0x0000029307af1e78 to 0x0000029307af1f0a
Event: 1.703 Thread 0x00000293146e1800 Implicit null exception at 0x0000029307aee2cf to 0x0000029307aee478

Events (20 events):
Event: 1.731 loading class java/lang/invoke/BoundMethodHandle$Species_LLLLLLLIIL
Event: 1.731 loading class java/lang/invoke/BoundMethodHandle$Species_LLLLLLLIIL done
Event: 1.734 loading class javafx/event/Event
Event: 1.734 loading class javafx/event/Event done
Event: 1.734 loading class javafx/scene/input/InputEvent
Event: 1.734 loading class javafx/scene/input/InputEvent done
Event: 1.734 loading class javafx/scene/input/InputEvent
Event: 1.734 loading class javafx/scene/input/InputEvent done
Event: 1.734 loading class javafx/scene/Scene
Event: 1.734 loading class javafx/scene/Scene done
Event: 1.736 loading class javafx/beans/Observable
Event: 1.736 loading class javafx/beans/Observable done
Event: 1.736 loading class javafx/beans/Observable
Event: 1.736 loading class javafx/beans/Observable done
Event: 1.736 loading class javafx/scene/Scene$KeyHandler
Event: 1.736 loading class javafx/scene/Scene$KeyHandler done
Event: 1.743 loading class java/util/ResourceBundle$3
Event: 1.743 loading class java/util/ResourceBundle$3 done
Event: 1.743 loading class com/sun/javafx/tk/quantum/spi/QuantumMessagesBundleProvider
Event: 1.743 loading class com/sun/javafx/tk/quantum/spi/QuantumMessagesBundleProvider done


Dynamic libraries:
0x00007ff6ac2f0000 - 0x00007ff6ac2fd000 	C:\Program Files\Microsoft\jdk-11.0.16.101-hotspot\bin\java.exe
0x00007ffe80d90000 - 0x00007ffe80fa7000 	C:\WINDOWS\SYSTEM32\ntdll.dll
0x00007ffe80c80000 - 0x00007ffe80d44000 	C:\WINDOWS\System32\KERNEL32.DLL
0x00007ffe7e2a0000 - 0x00007ffe7e646000 	C:\WINDOWS\System32\KERNELBASE.dll
0x00007ffe7e180000 - 0x00007ffe7e291000 	C:\WINDOWS\System32\ucrtbase.dll
0x00007ffe797c0000 - 0x00007ffe797d7000 	C:\Program Files\Microsoft\jdk-11.0.16.101-hotspot\bin\jli.dll
0x00007ffe797a0000 - 0x00007ffe797b5000 	C:\Program Files\Microsoft\jdk-11.0.16.101-hotspot\bin\VCRUNTIME140.dll
0x00007ffe802d0000 - 0x00007ffe8047e000 	C:\WINDOWS\System32\USER32.dll
0x00007ffe7e7c0000 - 0x00007ffe7e7e6000 	C:\WINDOWS\System32\win32u.dll
0x00007ffe61330000 - 0x00007ffe615c3000 	C:\WINDOWS\WinSxS\amd64_microsoft.windows.common-controls_6595b64144ccf1df_6.0.22621.2506_none_270c5ae97388e100\COMCTL32.dll
0x00007ffe80bc0000 - 0x00007ffe80be9000 	C:\WINDOWS\System32\GDI32.dll
0x00007ffe7fe90000 - 0x00007ffe7ff37000 	C:\WINDOWS\System32\msvcrt.dll
0x00007ffe7e7f0000 - 0x00007ffe7e908000 	C:\WINDOWS\System32\gdi32full.dll
0x00007ffe7e910000 - 0x00007ffe7e9aa000 	C:\WINDOWS\System32\msvcp_win.dll
0x00007ffe7f010000 - 0x00007ffe7f041000 	C:\WINDOWS\System32\IMM32.DLL
0x00007ffe408a0000 - 0x00007ffe4093b000 	C:\Program Files\Microsoft\jdk-11.0.16.101-hotspot\bin\msvcp140.dll
0x00007ffe20920000 - 0x00007ffe214aa000 	C:\Program Files\Microsoft\jdk-11.0.16.101-hotspot\bin\server\jvm.dll
0x00007ffe7fdd0000 - 0x00007ffe7fe81000 	C:\WINDOWS\System32\ADVAPI32.dll
0x00007ffe80700000 - 0x00007ffe807a5000 	C:\WINDOWS\System32\sechost.dll
0x00007ffe809b0000 - 0x00007ffe80ac7000 	C:\WINDOWS\System32\RPCRT4.dll
0x00007ffe7f940000 - 0x00007ffe7f948000 	C:\WINDOWS\System32\PSAPI.DLL
0x00007ffe67b80000 - 0x00007ffe67b89000 	C:\WINDOWS\SYSTEM32\WSOCK32.dll
0x00007ffe75280000 - 0x00007ffe752b4000 	C:\WINDOWS\SYSTEM32\WINMM.dll
0x00007ffe7f8c0000 - 0x00007ffe7f931000 	C:\WINDOWS\System32\WS2_32.dll
0x00007ffe768c0000 - 0x00007ffe768ca000 	C:\WINDOWS\SYSTEM32\VERSION.dll
0x00007ffe7d100000 - 0x00007ffe7d118000 	C:\WINDOWS\SYSTEM32\kernel.appcore.dll
0x00007ffe79790000 - 0x00007ffe797a0000 	C:\Program Files\Microsoft\jdk-11.0.16.101-hotspot\bin\verify.dll
0x00007ffe7b980000 - 0x00007ffe7bbb3000 	C:\WINDOWS\SYSTEM32\DBGHELP.DLL
0x00007ffe7ff40000 - 0x00007ffe802c9000 	C:\WINDOWS\System32\combase.dll
0x00007ffe80ae0000 - 0x00007ffe80bb7000 	C:\WINDOWS\System32\OLEAUT32.dll
0x00007ffe6cbb0000 - 0x00007ffe6cbe2000 	C:\WINDOWS\SYSTEM32\dbgcore.DLL
0x00007ffe7e100000 - 0x00007ffe7e17a000 	C:\WINDOWS\System32\bcryptPrimitives.dll
0x00007ffe79760000 - 0x00007ffe79788000 	C:\Program Files\Microsoft\jdk-11.0.16.101-hotspot\bin\java.dll
0x00007ffe79750000 - 0x00007ffe7975a000 	C:\Program Files\Microsoft\jdk-11.0.16.101-hotspot\bin\jimage.dll
0x00007ffe79730000 - 0x00007ffe79748000 	C:\Program Files\Microsoft\jdk-11.0.16.101-hotspot\bin\zip.dll
0x00007ffe7f050000 - 0x00007ffe7f8aa000 	C:\WINDOWS\System32\SHELL32.dll
0x00007ffe7c020000 - 0x00007ffe7c916000 	C:\WINDOWS\SYSTEM32\windows.storage.dll
0x00007ffe7bee0000 - 0x00007ffe7c01e000 	C:\WINDOWS\SYSTEM32\wintypes.dll
0x00007ffe80480000 - 0x00007ffe80573000 	C:\WINDOWS\System32\SHCORE.dll
0x00007ffe80610000 - 0x00007ffe8066e000 	C:\WINDOWS\System32\shlwapi.dll
0x00007ffe7e030000 - 0x00007ffe7e056000 	C:\WINDOWS\SYSTEM32\profapi.dll
0x00007ffe577f0000 - 0x00007ffe57809000 	C:\Program Files\Microsoft\jdk-11.0.16.101-hotspot\bin\net.dll
0x00007ffe768f0000 - 0x00007ffe76a27000 	C:\WINDOWS\SYSTEM32\WINHTTP.dll
0x00007ffe7d580000 - 0x00007ffe7d5e9000 	C:\WINDOWS\system32\mswsock.dll
0x00007ffe562e0000 - 0x00007ffe562f3000 	C:\Program Files\Microsoft\jdk-11.0.16.101-hotspot\bin\nio.dll
0x0000029374150000 - 0x0000029374153000 	C:\Users\HP\.openjfx\cache\19.0.2.1+1\amd64\api-ms-win-core-console-l1-1-0.dll
0x0000029374160000 - 0x0000029374163000 	C:\Users\HP\.openjfx\cache\19.0.2.1+1\amd64\api-ms-win-core-console-l1-2-0.dll
0x0000029374170000 - 0x0000029374173000 	C:\Users\HP\.openjfx\cache\19.0.2.1+1\amd64\api-ms-win-core-datetime-l1-1-0.dll
0x0000029374180000 - 0x0000029374183000 	C:\Users\HP\.openjfx\cache\19.0.2.1+1\amd64\api-ms-win-core-debug-l1-1-0.dll
0x0000029374190000 - 0x0000029374193000 	C:\Users\HP\.openjfx\cache\19.0.2.1+1\amd64\api-ms-win-core-errorhandling-l1-1-0.dll
0x00000293741a0000 - 0x00000293741a4000 	C:\Users\HP\.openjfx\cache\19.0.2.1+1\amd64\api-ms-win-core-file-l1-1-0.dll
0x00000293155d0000 - 0x00000293155d3000 	C:\Users\HP\.openjfx\cache\19.0.2.1+1\amd64\api-ms-win-core-file-l1-2-0.dll
0x00000293155e0000 - 0x00000293155e3000 	C:\Users\HP\.openjfx\cache\19.0.2.1+1\amd64\api-ms-win-core-file-l2-1-0.dll
0x00000293155f0000 - 0x00000293155f3000 	C:\Users\HP\.openjfx\cache\19.0.2.1+1\amd64\api-ms-win-core-handle-l1-1-0.dll
0x0000029315600000 - 0x0000029315603000 	C:\Users\HP\.openjfx\cache\19.0.2.1+1\amd64\api-ms-win-core-heap-l1-1-0.dll
0x0000029315610000 - 0x0000029315613000 	C:\Users\HP\.openjfx\cache\19.0.2.1+1\amd64\api-ms-win-core-interlocked-l1-1-0.dll
0x0000029315620000 - 0x0000029315623000 	C:\Users\HP\.openjfx\cache\19.0.2.1+1\amd64\api-ms-win-core-libraryloader-l1-1-0.dll
0x0000029315630000 - 0x0000029315633000 	C:\Users\HP\.openjfx\cache\19.0.2.1+1\amd64\api-ms-win-core-localization-l1-2-0.dll
0x0000029315640000 - 0x0000029315643000 	C:\Users\HP\.openjfx\cache\19.0.2.1+1\amd64\api-ms-win-core-memory-l1-1-0.dll
0x0000029315650000 - 0x0000029315653000 	C:\Users\HP\.openjfx\cache\19.0.2.1+1\amd64\api-ms-win-core-namedpipe-l1-1-0.dll
0x0000029315660000 - 0x0000029315663000 	C:\Users\HP\.openjfx\cache\19.0.2.1+1\amd64\api-ms-win-core-processenvironment-l1-1-0.dll
0x0000029315670000 - 0x0000029315673000 	C:\Users\HP\.openjfx\cache\19.0.2.1+1\amd64\api-ms-win-core-processthreads-l1-1-0.dll
0x0000029315680000 - 0x0000029315683000 	C:\Users\HP\.openjfx\cache\19.0.2.1+1\amd64\api-ms-win-core-processthreads-l1-1-1.dll
0x0000029315690000 - 0x0000029315693000 	C:\Users\HP\.openjfx\cache\19.0.2.1+1\amd64\api-ms-win-core-profile-l1-1-0.dll
0x00000293156a0000 - 0x00000293156a3000 	C:\Users\HP\.openjfx\cache\19.0.2.1+1\amd64\api-ms-win-core-rtlsupport-l1-1-0.dll
0x00000293156b0000 - 0x00000293156b3000 	C:\Users\HP\.openjfx\cache\19.0.2.1+1\amd64\api-ms-win-core-string-l1-1-0.dll
0x00000293156c0000 - 0x00000293156c3000 	C:\Users\HP\.openjfx\cache\19.0.2.1+1\amd64\api-ms-win-core-synch-l1-1-0.dll
0x00000293156d0000 - 0x00000293156d3000 	C:\Users\HP\.openjfx\cache\19.0.2.1+1\amd64\api-ms-win-core-synch-l1-2-0.dll
0x00000293156e0000 - 0x00000293156e3000 	C:\Users\HP\.openjfx\cache\19.0.2.1+1\amd64\api-ms-win-core-sysinfo-l1-1-0.dll
0x00000293156f0000 - 0x00000293156f3000 	C:\Users\HP\.openjfx\cache\19.0.2.1+1\amd64\api-ms-win-core-timezone-l1-1-0.dll
0x0000029315700000 - 0x0000029315703000 	C:\Users\HP\.openjfx\cache\19.0.2.1+1\amd64\api-ms-win-core-util-l1-1-0.dll
0x0000029315710000 - 0x0000029315713000 	C:\Users\HP\.openjfx\cache\19.0.2.1+1\amd64\api-ms-win-crt-conio-l1-1-0.dll
0x0000029315720000 - 0x0000029315724000 	C:\Users\HP\.openjfx\cache\19.0.2.1+1\amd64\api-ms-win-crt-convert-l1-1-0.dll
0x0000029315730000 - 0x0000029315733000 	C:\Users\HP\.openjfx\cache\19.0.2.1+1\amd64\api-ms-win-crt-environment-l1-1-0.dll
0x0000029315740000 - 0x0000029315743000 	C:\Users\HP\.openjfx\cache\19.0.2.1+1\amd64\api-ms-win-crt-filesystem-l1-1-0.dll
0x0000029315750000 - 0x0000029315753000 	C:\Users\HP\.openjfx\cache\19.0.2.1+1\amd64\api-ms-win-crt-heap-l1-1-0.dll
0x0000029315760000 - 0x0000029315763000 	C:\Users\HP\.openjfx\cache\19.0.2.1+1\amd64\api-ms-win-crt-locale-l1-1-0.dll
0x0000029315770000 - 0x0000029315775000 	C:\Users\HP\.openjfx\cache\19.0.2.1+1\amd64\api-ms-win-crt-math-l1-1-0.dll
0x0000029315780000 - 0x0000029315785000 	C:\Users\HP\.openjfx\cache\19.0.2.1+1\amd64\api-ms-win-crt-multibyte-l1-1-0.dll
0x0000029315790000 - 0x00000293157a0000 	C:\Users\HP\.openjfx\cache\19.0.2.1+1\amd64\api-ms-win-crt-private-l1-1-0.dll
0x00000293157a0000 - 0x00000293157a3000 	C:\Users\HP\.openjfx\cache\19.0.2.1+1\amd64\api-ms-win-crt-process-l1-1-0.dll
0x00000293157b0000 - 0x00000293157b4000 	C:\Users\HP\.openjfx\cache\19.0.2.1+1\amd64\api-ms-win-crt-runtime-l1-1-0.dll
0x00000293157c0000 - 0x00000293157c4000 	C:\Users\HP\.openjfx\cache\19.0.2.1+1\amd64\api-ms-win-crt-stdio-l1-1-0.dll
0x00000293157d0000 - 0x00000293157d4000 	C:\Users\HP\.openjfx\cache\19.0.2.1+1\amd64\api-ms-win-crt-string-l1-1-0.dll
0x00000293157e0000 - 0x00000293157e3000 	C:\Users\HP\.openjfx\cache\19.0.2.1+1\amd64\api-ms-win-crt-time-l1-1-0.dll
0x00000293157f0000 - 0x00000293157f3000 	C:\Users\HP\.openjfx\cache\19.0.2.1+1\amd64\api-ms-win-crt-utility-l1-1-0.dll
0x00007ffe3efc0000 - 0x00007ffe3f0bc000 	C:\Users\HP\.openjfx\cache\19.0.2.1+1\amd64\ucrtbase.dll
0x00007ffe562c0000 - 0x00007ffe562db000 	C:\Users\HP\.openjfx\cache\19.0.2.1+1\amd64\vcruntime140.dll
0x00007ffe5f7d0000 - 0x00007ffe5f7dc000 	C:\Users\HP\.openjfx\cache\19.0.2.1+1\amd64\vcruntime140_1.dll
0x00007ffe406f0000 - 0x00007ffe4077e000 	C:\Users\HP\.openjfx\cache\19.0.2.1+1\amd64\msvcp140.dll
0x00007ffe5a2f0000 - 0x00007ffe5a2f9000 	C:\Users\HP\.openjfx\cache\19.0.2.1+1\amd64\msvcp140_1.dll
0x00007ffe53420000 - 0x00007ffe53450000 	C:\Users\HP\.openjfx\cache\19.0.2.1+1\amd64\msvcp140_2.dll
0x00007ffe49e10000 - 0x00007ffe49e3c000 	C:\Users\HP\.openjfx\cache\19.0.2.1+1\amd64\prism_d3d.dll
0x00007ffe00aa0000 - 0x00007ffe00c49000 	C:\WINDOWS\system32\d3d9.dll
0x00007ffe7b5c0000 - 0x00007ffe7b5eb000 	C:\WINDOWS\SYSTEM32\dwmapi.dll
0x00007ffe7b470000 - 0x00007ffe7b4a6000 	C:\WINDOWS\SYSTEM32\dxcore.dll
0x00007ffe7b390000 - 0x00007ffe7b43b000 	C:\WINDOWS\system32\uxtheme.dll
0x00007ffe3f540000 - 0x00007ffe3f778000 	C:\WINDOWS\System32\DriverStore\FileRepository\iigd_dch.inf_amd64_7f680e39d88878f3\igdumdim64.dll
0x00007ffe80810000 - 0x00007ffe809b0000 	C:\WINDOWS\System32\ole32.dll
0x00007ffe251d0000 - 0x00007ffe26540000 	C:\WINDOWS\System32\DriverStore\FileRepository\iigd_dch.inf_amd64_7f680e39d88878f3\igd9dxva64.dll
0x00007ffe7f950000 - 0x00007ffe7fdc4000 	C:\WINDOWS\System32\SETUPAPI.dll
0x00007ffe7dd00000 - 0x00007ffe7dd4e000 	C:\WINDOWS\SYSTEM32\cfgmgr32.dll
0x00007ffe2b800000 - 0x00007ffe2d521000 	C:\WINDOWS\System32\DriverStore\FileRepository\iigd_dch.inf_amd64_7f680e39d88878f3\media_bin_64.dll
0x00007ffe52d30000 - 0x00007ffe53168000 	C:\WINDOWS\System32\DriverStore\FileRepository\iigd_dch.inf_amd64_7f680e39d88878f3\igdgmm64.dll
0x00007ffe577a0000 - 0x00007ffe577ea000 	C:\WINDOWS\SYSTEM32\directxdatabasehelper.dll
0x00007ffe457e0000 - 0x00007ffe45822000 	C:\Users\HP\.openjfx\cache\19.0.2.1+1\amd64\glass.dll
0x00007ffe7ec00000 - 0x00007ffe7ecf9000 	C:\WINDOWS\System32\COMDLG32.dll
0x00007ffe7eec0000 - 0x00007ffe7f010000 	C:\WINDOWS\System32\MSCTF.dll
0x00007ffe6bd10000 - 0x00007ffe6bd37000 	C:\WINDOWS\System32\DriverStore\FileRepository\iigd_dch.inf_amd64_7f680e39d88878f3\igdinfo64.dll
0x00007ffe4ee80000 - 0x00007ffe52d2d000 	C:\WINDOWS\System32\DriverStore\FileRepository\iigd_dch.inf_amd64_7f680e39d88878f3\igc64.dll
0x00007ffe48b30000 - 0x00007ffe48b5d000 	C:\Users\HP\.openjfx\cache\19.0.2.1+1\amd64\javafx_iio.dll
0x00007ffe486b0000 - 0x00007ffe486c4000 	C:\Users\HP\.openjfx\cache\19.0.2.1+1\amd64\javafx_font.dll
0x00007ffe7a380000 - 0x00007ffe7a5f3000 	C:\WINDOWS\SYSTEM32\dwrite.dll
0x00007ffe7eae0000 - 0x00007ffe7eb90000 	C:\WINDOWS\System32\clbcatq.dll
0x00007ffe7a9f0000 - 0x00007ffe7aba0000 	C:\WINDOWS\SYSTEM32\WindowsCodecs.dll
0x00007ffe553d0000 - 0x00007ffe5542e000 	C:\WINDOWS\system32\dataexchange.dll
0x00007ffe5cd50000 - 0x00007ffe5cfd5000 	C:\WINDOWS\system32\twinapi.appcore.dll
0x00007ffe57f10000 - 0x00007ffe57f42000 	C:\Program Files\Common Files\Microsoft Shared\Ink\rtscom.dll

dbghelp: loaded successfully - version: 4.0.5 - missing functions: none
symbol engine: initialized successfully - sym options: 0x614 - pdb path: .;C:\Program Files\Microsoft\jdk-11.0.16.101-hotspot\bin;C:\WINDOWS\SYSTEM32;C:\WINDOWS\WinSxS\amd64_microsoft.windows.common-controls_6595b64144ccf1df_6.0.22621.2506_none_270c5ae97388e100;C:\Program Files\Microsoft\jdk-11.0.16.101-hotspot\bin\server;C:\Users\HP\.openjfx\cache\19.0.2.1+1\amd64;C:\WINDOWS\System32\DriverStore\FileRepository\iigd_dch.inf_amd64_7f680e39d88878f3;C:\Program Files\Common Files\Microsoft Shared\Ink

VM Arguments:
jvm_args: --module-path=C:\Users\HP\.m2\repository\org\openjfx\javafx-base\19.0.2.1\javafx-base-19.0.2.1-win.jar;C:\Users\HP\.m2\repository\org\openjfx\javafx-base\19.0.2.1\javafx-base-19.0.2.1.jar;C:\Users\HP\.m2\repository\org\openjfx\javafx-controls\19.0.2.1\javafx-controls-19.0.2.1-win.jar;C:\Users\HP\.m2\repository\org\openjfx\javafx-controls\19.0.2.1\javafx-controls-19.0.2.1.jar;C:\Users\HP\.m2\repository\org\openjfx\javafx-fxml\19.0.2.1\javafx-fxml-19.0.2.1-win.jar;C:\Users\HP\.m2\repository\org\openjfx\javafx-fxml\19.0.2.1\javafx-fxml-19.0.2.1.jar;C:\Users\HP\.m2\repository\org\openjfx\javafx-graphics\19.0.2.1\javafx-graphics-19.0.2.1-win.jar;C:\Users\HP\.m2\repository\org\openjfx\javafx-graphics\19.0.2.1\javafx-graphics-19.0.2.1.jar --add-modules=javafx.base,javafx.controls,javafx.fxml,javafx.graphics 
java_command: AppInitializer
java_class_path (initial): E:\GitHub\mvcPOS\target\classes;C:\Users\HP\.m2\repository\com\fasterxml\jackson\core\jackson-annotations\2.14.1\jackson-annotations-2.14.1.jar;C:\Users\HP\.m2\repository\com\fasterxml\jackson\core\jackson-core\2.14.1\jackson-core-2.14.1.jar;C:\Users\HP\.m2\repository\com\fasterxml\jackson\core\jackson-databind\2.14.1\jackson-databind-2.14.1.jar;C:\Users\HP\.m2\repository\com\fasterxml\jackson\dataformat\jackson-dataformat-xml\2.14.1\jackson-dataformat-xml-2.14.1.jar;C:\Users\HP\.m2\repository\com\fasterxml\woodstox\woodstox-core\6.4.0\woodstox-core-6.4.0.jar;C:\Users\HP\.m2\repository\com\github\librepdf\openpdf\1.3.30.jaspersoft.3\openpdf-1.3.30.jaspersoft.3.jar;C:\Users\HP\.m2\repository\com\google\protobuf\protobuf-java\3.21.9\protobuf-java-3.21.9.jar;C:\Users\HP\.m2\repository\com\jfoenix\jfoenix\9.0.1\jfoenix-9.0.1.jar;C:\Users\HP\.m2\repository\com\mysql\mysql-connector-j\8.0.32\mysql-connector-j-8.0.32.jar;C:\Users\HP\.m2\repository\commons-beanutils\commons-beanutils\1.9.4\commons-beanutils-1.9.4.jar;C:\Users\HP\.m2\repository\commons-collections\commons-collections\3.2.2\commons-collections-3.2.2.jar;C:\Users\HP\.m2\repository\commons-digester\commons-digester\2.1\commons-digester-2.1.jar;C:\Users\HP\.m2\repository\commons-logging\commons-logging\1.1.1\commons-logging-1.1.1.jar;C:\Users\HP\.m2\repository\net\sf\jasperreports\jasperreports\6.20.6\jasperreports-6.20.6.jar;C:\Users\HP\.m2\repository\org\apache\commons\commons-collections4\4.2\commons-collections4-4.2.jar;C:\Users\HP\.m2\repository\org\codehaus\woodstox\stax2-api\4.2.1\stax2-api-4.2.1.jar;C:\Users\HP\.m2\repository\org\eclipse\jdt\ecj\3.21.0\ecj-3.21.0.jar;C:\Users\HP\.m2\repository\org\jfree\jcommon\1.0.23\jcommon-1.0.23.jar;C:\Users\HP\.m2\repository\org\jfree\jfreechart\1.0.19\jfreechart-1.0.19.jar;C:\Users\HP\.m2\repository\org\projectlombok\lombok\1.18.28\lombok-1.18.28.jar
Launcher Type: SUN_STANDARD

[Global flags]
     intx CICompilerCount                          = 4                                         {product} {ergonomic}
     uint ConcGCThreads                            = 2                                         {product} {ergonomic}
     uint G1ConcRefinementThreads                  = 8                                         {product} {ergonomic}
   size_t G1HeapRegionSize                         = 1048576                                   {product} {ergonomic}
    uintx GCDrainStackTargetSize                   = 64                                        {product} {ergonomic}
   size_t InitialHeapSize                          = 130023424                                 {product} {ergonomic}
   size_t MarkStackSize                            = 4194304                                   {product} {ergonomic}
   size_t MaxHeapSize                              = 2080374784                                {product} {ergonomic}
   size_t MaxNewSize                               = 1247805440                                {product} {ergonomic}
   size_t MinHeapDeltaBytes                        = 1048576                                   {product} {ergonomic}
    uintx NonNMethodCodeHeapSize                   = 5836300                                {pd product} {ergonomic}
    uintx NonProfiledCodeHeapSize                  = 122910970                              {pd product} {ergonomic}
    uintx ProfiledCodeHeapSize                     = 122910970                              {pd product} {ergonomic}
    uintx ReservedCodeCacheSize                    = 251658240                              {pd product} {ergonomic}
     bool SegmentedCodeCache                       = true                                      {product} {ergonomic}
     bool UseCompressedClassPointers               = true                                 {lp64_product} {ergonomic}
     bool UseCompressedOops                        = true                                 {lp64_product} {ergonomic}
     bool UseG1GC                                  = true                                      {product} {ergonomic}
     bool UseLargePagesIndividualAllocation        = false                                  {pd product} {ergonomic}

Logging:
Log output configuration:
 #0: stdout all=warning uptime,level,tags
 #1: stderr all=off uptime,level,tags

Environment Variables:
PATH=C:\Program Files\Microsoft\jdk-11.0.16.101-hotspot\bin;C:\Program Files\Java\jdk-11\bin;C:\Program Files\Java\jdk1.8.0_202\bin;C:\Program Files (x86)\Common Files\Oracle\Java\javapath;C:\Program Files\Common Files\Oracle\Java\javapath;C:\WINDOWS\system32;C:\WINDOWS;C:\WINDOWS\System32\Wbem;C:\WINDOWS\System32\WindowsPowerShell\v1.0\;C:\WINDOWS\System32\OpenSSH\;C:\Program Files\nodejs\;C:\Program Files\MySQL\MySQL Server 8.0\bin;C:\Program Files\Git\cmd;C:\Program Files\Microsoft SQL Server\150\Tools\Binn\;C:\Program Files\Microsoft SQL Server\Client SDK\ODBC\170\Tools\Binn\;C:\Program Files\dotnet\;C:\Program Files (x86)\Windows Kits\10\Windows Performance Toolkit\;C:\Program Files\Apache\apache-maven-3.9.5\bin;C:\Users\HP\AppData\Local\Microsoft\WindowsApps;C:\Program Files\CodeBlocks\MinGW\bin;;C:\Users\HP\AppData\Local\Programs\Microsoft VS Code\bin;C:\Users\HP\AppData\Roaming\npm;C:\Program Files\JetBrains\IntelliJ IDEA 2023.2.4\bin;;C:\Users\HP\.dotnet\tools
USERNAME=HP
OS=Windows_NT
PROCESSOR_IDENTIFIER=Intel64 Family 6 Model 140 Stepping 1, GenuineIntel
TMP=C:\Users\HP\AppData\Local\Temp
TEMP=C:\Users\HP\AppData\Local\Temp



---------------  S Y S T E M  ---------------

OS: Windows 11 , 64 bit Build 22621 (10.0.22621.2506)
OS uptime: 2 days 3:28 hours

CPU:total 8 (initial active 8) (4 cores per cpu, 2 threads per core) family 6 model 140 stepping 1 microcode 0xac, cmov, cx8, fxsr, mmx, sse, sse2, sse3, ssse3, sse4.1, sse4.2, popcnt, avx, avx2, aes, clmul, erms, 3dnowpref, lzcnt, ht, tsc, tscinvbit, bmi1, bmi2, adx, evex, sha, fma

Memory: 4k page, system-wide physical 7932M (514M free)
TotalPageFile size 14076M (AvailPageFile size 5M)
current process WorkingSet (physical memory assigned to process): 145M, peak: 145M
current process commit charge ("private bytes"): 283M, peak: 284M

vm_info: OpenJDK 64-Bit Server VM (11.0.16.1+1-LTS) for windows-amd64 JRE (11.0.16.1+1-LTS), built on Aug 20 2022 20:09:04 by "" with MS VC++ 15.9 (VS2017)

END.
